Building DAG of jobs...
Using shell: /bin/bash
Provided cores: 1 (use --cores to define parallelism)
Rules claiming more threads will be scaled down.
Job stats:
job              count
-------------  -------
bcftools_call        1
plot_quals           1
total                2

Select jobs to execute...

[Sat May 16 14:52:09 2026]
rule bcftools_call:
    input: data/genome.fa, sorted_reads/A.bam, sorted_reads/B.bam, sorted_reads/A.bam.bai, sorted_reads/B.bam.bai
    output: calls/all.vcf
    jobid: 1
    reason: Missing output files: calls/all.vcf
    resources: tmpdir=/var/folders/8x/1_x46j1s3pb5vsqk90bdlh5m0000gn/T

[Sat May 16 14:52:09 2026]
Error in rule bcftools_call:
    jobid: 1
    input: data/genome.fa, sorted_reads/A.bam, sorted_reads/B.bam, sorted_reads/A.bam.bai, sorted_reads/B.bam.bai
    output: calls/all.vcf
    shell:
        bcftools mpileup -f data/genome.fa sorted_reads/A.bam sorted_reads/B.bam | bcftools call -mv - > calls/all.vcf
        (one of the commands exited with non-zero exit code; note that snakemake uses bash strict mode!)

Removing output files of failed job bcftools_call since they might be corrupted:
calls/all.vcf
Shutting down, this might take some time.
Exiting because a job execution failed. Look above for error message
Complete log: .snakemake/log/2026-05-16T145209.072179.snakemake.log
