Building DAG of jobs...
Using shell: /bin/bash
Provided cores: 10
Rules claiming more threads will be scaled down.
Job stats:
job               count
--------------  -------
all                   1
bcftools_call         1
bwa_map               1
plot_quals            1
samtools_index        1
samtools_sort         1
total                 6

Select jobs to execute...

[Sat May 16 16:15:32 2026]
rule bwa_map:
    input: data/genome.fa, data/samples/C.fastq
    output: mapped_reads/C.bam
    jobid: 8
    reason: Missing output files: mapped_reads/C.bam
    wildcards: sample=C
    threads: 8
    resources: tmpdir=/var/folders/8x/1_x46j1s3pb5vsqk90bdlh5m0000gn/T

[Sat May 16 16:15:32 2026]
Finished job 8.
1 of 6 steps (17%) done
Select jobs to execute...

[Sat May 16 16:15:32 2026]
rule samtools_sort:
    input: mapped_reads/C.bam
    output: sorted_reads/C.bam
    jobid: 7
    reason: Missing output files: sorted_reads/C.bam; Input files updated by another job: mapped_reads/C.bam
    wildcards: sample=C
    resources: tmpdir=/var/folders/8x/1_x46j1s3pb5vsqk90bdlh5m0000gn/T

[Sat May 16 16:15:32 2026]
Finished job 7.
2 of 6 steps (33%) done
Select jobs to execute...

[Sat May 16 16:15:32 2026]
rule samtools_index:
    input: sorted_reads/C.bam
    output: sorted_reads/C.bam.bai
    jobid: 11
    reason: Missing output files: sorted_reads/C.bam.bai; Input files updated by another job: sorted_reads/C.bam
    wildcards: sample=C
    resources: tmpdir=/var/folders/8x/1_x46j1s3pb5vsqk90bdlh5m0000gn/T

[Sat May 16 16:15:32 2026]
Finished job 11.
3 of 6 steps (50%) done
Select jobs to execute...

[Sat May 16 16:15:32 2026]
rule bcftools_call:
    input: data/genome.fa, sorted_reads/A.bam, sorted_reads/B.bam, sorted_reads/C.bam, sorted_reads/A.bam.bai, sorted_reads/B.bam.bai, sorted_reads/C.bam.bai
    output: calls/all.vcf
    jobid: 2
    reason: Input files updated by another job: sorted_reads/C.bam.bai, sorted_reads/C.bam; Set of input files has changed since last execution
    resources: tmpdir=/var/folders/8x/1_x46j1s3pb5vsqk90bdlh5m0000gn/T

[Sat May 16 16:15:32 2026]
Finished job 2.
4 of 6 steps (67%) done
Select jobs to execute...

[Sat May 16 16:15:32 2026]
rule plot_quals:
    input: calls/all.vcf
    output: plots/quals.svg
    jobid: 1
    reason: Input files updated by another job: calls/all.vcf
    resources: tmpdir=/var/folders/8x/1_x46j1s3pb5vsqk90bdlh5m0000gn/T

[Sat May 16 16:15:33 2026]
Finished job 1.
5 of 6 steps (83%) done
Select jobs to execute...

[Sat May 16 16:15:33 2026]
localrule all:
    input: plots/quals.svg
    jobid: 0
    reason: Input files updated by another job: plots/quals.svg
    resources: tmpdir=/var/folders/8x/1_x46j1s3pb5vsqk90bdlh5m0000gn/T

[Sat May 16 16:15:33 2026]
Finished job 0.
6 of 6 steps (100%) done
Complete log: .snakemake/log/2026-05-16T161532.207772.snakemake.log
