Building DAG of jobs...
Using shell: /bin/bash
Provided cores: 10
Rules claiming more threads will be scaled down.
Job stats:
job              count
-------------  -------
all                  1
bcftools_call        1
plot_quals           1
total                3

Select jobs to execute...

[Sat May 16 15:55:50 2026]
rule bcftools_call:
    input: data/genome.fa, sorted_reads/A.bam, sorted_reads/B.bam, sorted_reads/A.bam.bai, sorted_reads/B.bam.bai
    output: calls/all.vcf
    jobid: 2
    reason: Missing output files: calls/all.vcf
    resources: tmpdir=/var/folders/8x/1_x46j1s3pb5vsqk90bdlh5m0000gn/T

[Sat May 16 15:55:51 2026]
Finished job 2.
1 of 3 steps (33%) done
Select jobs to execute...

[Sat May 16 15:55:51 2026]
rule plot_quals:
    input: calls/all.vcf
    output: plots/quals.svg
    jobid: 1
    reason: Missing output files: plots/quals.svg; Input files updated by another job: calls/all.vcf
    resources: tmpdir=/var/folders/8x/1_x46j1s3pb5vsqk90bdlh5m0000gn/T

[Sat May 16 15:55:51 2026]
Error in rule plot_quals:
    jobid: 1
    input: calls/all.vcf
    output: plots/quals.svg

RuleException:
CalledProcessError in file /Users/bren/Documents/Sanofi/snakemake-tutorial/Snakefile, line 75:
Command 'set -euo pipefail;  /Users/bren/Documents/Sanofi/.venv/bin/python3 /Users/bren/Documents/Sanofi/snakemake-tutorial/.snakemake/scripts/tmpcbfzxqau.plot-quals.py' returned non-zero exit status 1.
  File "/Users/bren/Documents/Sanofi/snakemake-tutorial/Snakefile", line 75, in __rule_plot_quals
  File "/Library/Developer/CommandLineTools/Library/Frameworks/Python3.framework/Versions/3.9/lib/python3.9/concurrent/futures/thread.py", line 52, in run
Shutting down, this might take some time.
Exiting because a job execution failed. Look above for error message
Complete log: .snakemake/log/2026-05-16T155550.090516.snakemake.log
