Building DAG of jobs...
Using shell: /bin/bash
Provided cores: 1 (use --cores to define parallelism)
Rules claiming more threads will be scaled down.
Job stats:
job        count
-------  -------
bwa_map        1
total          1

Select jobs to execute...

[Sat May 16 10:53:56 2026]
rule bwa_map:
    input: data/genome.fa, data/samples/A.fastq
    output: mapped_reads/A.bam
    jobid: 0
    reason: Missing output files: mapped_reads/A.bam
    resources: tmpdir=/var/folders/8x/1_x46j1s3pb5vsqk90bdlh5m0000gn/T

[Sat May 16 10:53:56 2026]
Error in rule bwa_map:
    jobid: 0
    input: data/genome.fa, data/samples/A.fastq
    output: mapped_reads/A.bam
    shell:
        bwa mem data/genome.fa data/samples/A.fastq | samtools view -Sb - > mapped_reads/A.bam
        (one of the commands exited with non-zero exit code; note that snakemake uses bash strict mode!)

Removing output files of failed job bwa_map since they might be corrupted:
mapped_reads/A.bam
Shutting down, this might take some time.
Exiting because a job execution failed. Look above for error message
Complete log: .snakemake/log/2026-05-16T105356.542978.snakemake.log
