Building DAG of jobs...
Using shell: /bin/bash
Provided cores: 10
Rules claiming more threads will be scaled down.
Job stats:
job           count
----------  -------
all               1
plot_quals        1
total             2

Select jobs to execute...

[Sat May 16 16:00:32 2026]
rule plot_quals:
    input: calls/all.vcf
    output: plots/quals.svg
    jobid: 1
    reason: Missing output files: plots/quals.svg
    resources: tmpdir=/var/folders/8x/1_x46j1s3pb5vsqk90bdlh5m0000gn/T

[Sat May 16 16:00:36 2026]
Finished job 1.
1 of 2 steps (50%) done
Select jobs to execute...

[Sat May 16 16:00:36 2026]
localrule all:
    input: plots/quals.svg
    jobid: 0
    reason: Input files updated by another job: plots/quals.svg
    resources: tmpdir=/var/folders/8x/1_x46j1s3pb5vsqk90bdlh5m0000gn/T

[Sat May 16 16:00:36 2026]
Finished job 0.
2 of 2 steps (100%) done
Complete log: .snakemake/log/2026-05-16T160032.696740.snakemake.log
